  main.cpp
g:\worspaces\unix\unixos\unixos\main.cpp(72): warning C4477: 'printf' : format string '%d' requires an argument of type 'int', but variadic argument 2 has type 'FILE *'
g:\worspaces\unix\unixos\unixos\main.cpp(72): warning C4477: 'printf' : format string '%d' requires an argument of type 'int', but variadic argument 3 has type 'FILE *'
g:\worspaces\unix\unixos\unixos\main.cpp(93): warning C4477: 'printf' : format string '%d' requires an argument of type 'int', but variadic argument 2 has type 'FILE *'
g:\worspaces\unix\unixos\unixos\main.cpp(93): warning C4477: 'printf' : format string '%d' requires an argument of type 'int', but variadic argument 3 has type 'FILE *'
g:\worspaces\unix\unixos\unixos\main.cpp(107): warning C4477: 'printf' : format string '%d' requires an argument of type 'int', but variadic argument 2 has type 'FILE *'
g:\worspaces\unix\unixos\unixos\main.cpp(107): warning C4477: 'printf' : format string '%d' requires an argument of type 'int', but variadic argument 3 has type 'FILE *'
g:\worspaces\unix\unixos\unixos\main.cpp(124): warning C4477: 'printf' : format string '%d' requires an argument of type 'int', but variadic argument 2 has type 'FILE *'
g:\worspaces\unix\unixos\unixos\main.cpp(124): warning C4477: 'printf' : format string '%d' requires an argument of type 'int', but variadic argument 3 has type 'FILE *'
g:\worspaces\unix\unixos\unixos\main.cpp(1369): warning C4101: 'data': unreferenced local variable
g:\worspaces\unix\unixos\unixos\main.cpp(1385): warning C4996: 'strtok': This function or variable may be unsafe. Consider using strtok_s instead. To disable deprecation, use _CRT_SECURE_NO_WARNINGS. See online help for details.
  c:\program files (x86)\windows kits\10\include\10.0.17134.0\ucrt\string.h(440): note: see declaration of 'strtok'
g:\worspaces\unix\unixos\unixos\main.cpp(1386): warning C4101: 'out_block_number': unreferenced local variable
g:\worspaces\unix\unixos\unixos\main.cpp(1386): warning C4101: 'offset': unreferenced local variable
g:\worspaces\unix\unixos\unixos\main.cpp(1386): warning C4101: 'out_bytes_offset_in_block': unreferenced local variable
g:\worspaces\unix\unixos\unixos\main.cpp(1386): warning C4101: 'out_read_head_block': unreferenced local variable
g:\worspaces\unix\unixos\unixos\main.cpp(1509): warning C4996: 'fopen': This function or variable may be unsafe. Consider using fopen_s instead. To disable deprecation, use _CRT_SECURE_NO_WARNINGS. See online help for details.
  c:\program files (x86)\windows kits\10\include\10.0.17134.0\ucrt\stdio.h(208): note: see declaration of 'fopen'
g:\worspaces\unix\unixos\unixos\main.cpp(1563): warning C4996: 'localtime': This function or variable may be unsafe. Consider using localtime_s instead. To disable deprecation, use _CRT_SECURE_NO_WARNINGS. See online help for details.
  c:\program files (x86)\windows kits\10\include\10.0.17134.0\ucrt\time.h(506): note: see declaration of 'localtime'
g:\worspaces\unix\unixos\unixos\main.cpp(1627): warning C4996: 'strcpy': This function or variable may be unsafe. Consider using strcpy_s instead. To disable deprecation, use _CRT_SECURE_NO_WARNINGS. See online help for details.
  c:\program files (x86)\windows kits\10\include\10.0.17134.0\ucrt\string.h(133): note: see declaration of 'strcpy'
g:\worspaces\unix\unixos\unixos\main.cpp(1631): warning C4996: 'strcpy': This function or variable may be unsafe. Consider using strcpy_s instead. To disable deprecation, use _CRT_SECURE_NO_WARNINGS. See online help for details.
  c:\program files (x86)\windows kits\10\include\10.0.17134.0\ucrt\string.h(133): note: see declaration of 'strcpy'
g:\worspaces\unix\unixos\unixos\main.cpp(1728): warning C4244: '=': conversion from 'double' to 'int', possible loss of data
g:\worspaces\unix\unixos\unixos\main.cpp(1744): warning C4996: 'fopen': This function or variable may be unsafe. Consider using fopen_s instead. To disable deprecation, use _CRT_SECURE_NO_WARNINGS. See online help for details.
  c:\program files (x86)\windows kits\10\include\10.0.17134.0\ucrt\stdio.h(208): note: see declaration of 'fopen'
g:\worspaces\unix\unixos\unixos\main.cpp(1748): warning C4477: 'printf' : format string '%d' requires an argument of type 'int', but variadic argument 1 has type 'FILE *'
  UnixOs.vcxproj -> G:\worspaces\Unix\UnixOs\Debug\UnixOs.exe
